# JRE version: Java(TM) SE Runtime Environment 18.9 (11.0.8+10) (build 11.0.8+10-LTS)
# Java VM: Java HotSpot(TM) 64-Bit Server VM 18.9 (11.0.8+10-LTS, mixed mode, tiered, compressed oops, g1 gc, bsd-amd64)
Heap:
 garbage-first heap   total 456704K, used 150691K [0x00000007c0000000, 0x0000000800000000)
  region size 1024K, 41 young (41984K), 1 survivors (1024K)
 Metaspace       used 83479K, capacity 86637K, committed 87324K, reserved 1128448K
  class space    used 7495K, capacity 8604K, committed 8652K, reserved 1048576K
GC Heap History (10 events):
Event: 7808.927 GC heap before
{Heap before GC invocations=172 (full 0):
 garbage-first heap   total 456704K, used 124613K [0x00000007c0000000, 0x0000000800000000)
  region size 1024K, 22 young (22528K), 9 survivors (9216K)
 Metaspace       used 83357K, capacity 86407K, committed 87068K, reserved 1128448K
  class space    used 7492K, capacity 8598K, committed 8652K, reserved 1048576K
}
Event: 7808.940 GC heap after
{Heap after GC invocations=173 (full 0):
 garbage-first heap   total 456704K, used 110742K [0x00000007c0000000, 0x0000000800000000)
  region size 1024K, 3 young (3072K), 3 survivors (3072K)
 Metaspace       used 83357K, capacity 86407K, committed 87068K, reserved 1128448K
  class space    used 7492K, capacity 8598K, committed 8652K, reserved 1048576K
}
Event: 7810.968 GC heap before
{Heap before GC invocations=173 (full 0):
 garbage-first heap   total 456704K, used 126102K [0x00000007c0000000, 0x0000000800000000)
  region size 1024K, 19 young (19456K), 3 survivors (3072K)
 Metaspace       used 83359K, capacity 86407K, committed 87068K, reserved 1128448K
  class space    used 7492K, capacity 8598K, committed 8652K, reserved 1048576K
}
Event: 7810.975 GC heap after
{Heap after GC invocations=174 (full 0):
 garbage-first heap   total 456704K, used 109252K [0x00000007c0000000, 0x0000000800000000)
  region size 1024K, 2 young (2048K), 2 survivors (2048K)
 Metaspace       used 83359K, capacity 86407K, committed 87068K, reserved 1128448K
  class space    used 7492K, capacity 8598K, committed 8652K, reserved 1048576K
}
Event: 8002.047 GC heap before
{Heap before GC invocations=175 (full 0):
 garbage-first heap   total 456704K, used 360132K [0x00000007c0000000, 0x0000000800000000)
  region size 1024K, 224 young (229376K), 2 survivors (2048K)
 Metaspace       used 83466K, capacity 86637K, committed 87324K, reserved 1128448K
  class space    used 7495K, capacity 8604K, committed 8652K, reserved 1048576K
}
Event: 8002.053 GC heap after
{Heap after GC invocations=176 (full 0):
 garbage-first heap   total 456704K, used 109915K [0x00000007c0000000, 0x0000000800000000)
  region size 1024K, 2 young (2048K), 2 survivors (2048K)
 Metaspace       used 83466K, capacity 86637K, committed 87324K, reserved 1128448K
  class space    used 7495K, capacity 8604K, committed 8652K, reserved 1048576K
}
Event: 8050.606 GC heap before
{Heap before GC invocations=176 (full 0):
 garbage-first heap   total 456704K, used 133467K [0x00000007c0000000, 0x0000000800000000)
  region size 1024K, 22 young (22528K), 2 survivors (2048K)
 Metaspace       used 83475K, capacity 86637K, committed 87324K, reserved 1128448K
  class space    used 7495K, capacity 8604K, committed 8652K, reserved 1048576K
}
Event: 8050.616 GC heap after
{Heap after GC invocations=177 (full 0):
 garbage-first heap   total 456704K, used 106612K [0x00000007c0000000, 0x0000000800000000)
  region size 1024K, 1 young (1024K), 1 survivors (1024K)
 Metaspace       used 83475K, capacity 86637K, committed 87324K, reserved 1128448K
  class space    used 7495K, capacity 8604K, committed 8652K, reserved 1048576K
}
Event: 8189.896 GC heap before
{Heap before GC invocations=177 (full 0):
 garbage-first heap   total 456704K, used 111732K [0x00000007c0000000, 0x0000000800000000)
  region size 1024K, 7 young (7168K), 1 survivors (1024K)
 Metaspace       used 83475K, capacity 86637K, committed 87324K, reserved 1128448K
  class space    used 7495K, capacity 8604K, committed 8652K, reserved 1048576K
}
Event: 8189.903 GC heap after
{Heap after GC invocations=178 (full 0):
 garbage-first heap   total 456704K, used 106659K [0x00000007c0000000, 0x0000000800000000)
  region size 1024K, 1 young (1024K), 1 survivors (1024K)
 Metaspace       used 83475K, capacity 86637K, committed 87324K, reserved 1128448K
  class space    used 7495K, capacity 8604K, committed 8652K, reserved 1048576K
}

